<?xml version="1.0" encoding="UTF-8"?>
<!-- Generated by org.testng.reporters.JUnitReportReporter -->
<testsuite skipped="0" hostname="aspire1974" name="Amazon.Tests.AmazonTests" tests="2" failures="0" timestamp="17 Aug 2019 06:03:54 GMT" time="69.510" errors="0">
  <testcase name="BookSearch" time="37.255" classname="Amazon.Tests.AmazonTests"/>
  <testcase name="BookSearch" time="32.255" classname="Amazon.Tests.AmazonTests"/>
</testsuite> <!-- Amazon.Tests.AmazonTests -->
